<?xml version="1.0" encoding="UTF-8"?>
<!-- Generated by org.testng.reporters.JUnitReportReporter -->
<testsuite hostname="DESKTOP-O1MTOUR" failures="0" tests="3" name="com.AutomationTalks.demoProject.TestClass1" time="42.826" errors="0" timestamp="17 Mar 2024 06:54:10 GMT" skipped="0">
  <testcase classname="com.AutomationTalks.demoProject.TestClass1" name="Test2" time="10.150"/>
  <testcase classname="com.AutomationTalks.demoProject.TestClass1" name="Test1" time="16.228"/>
  <testcase classname="com.AutomationTalks.demoProject.TestClass1" name="Test3" time="16.448"/>
</testsuite> <!-- com.AutomationTalks.demoProject.TestClass1 -->
