<?xml version="1.0" encoding="UTF-8"?>
<!-- Generated by org.testng.reporters.JUnitReportReporter -->
<testsuite hostname="DESKTOP-O1MTOUR" failures="0" tests="3" name="com.AutomationTalks.demoProject.TestClass1" time="54.074" errors="0" timestamp="14 Mar 2024 12:28:08 GMT" skipped="0">
  <testcase classname="com.AutomationTalks.demoProject.TestClass1" name="Test2" time="11.843"/>
  <testcase classname="com.AutomationTalks.demoProject.TestClass1" name="Test1" time="16.900"/>
  <testcase classname="com.AutomationTalks.demoProject.TestClass1" name="Test3" time="25.331"/>
</testsuite> <!-- com.AutomationTalks.demoProject.TestClass1 -->
