<?xml version="1.0" encoding="UTF-8"?>
<!-- Generated by org.testng.reporters.JUnitReportReporter -->
<testsuite hostname="DESKTOP-O1MTOUR" failures="0" tests="3" name="com.AutomationTalks.demoProject.TestClass1" time="37.721" errors="0" timestamp="18 Mar 2024 10:39:15 GMT" skipped="0">
  <testcase classname="com.AutomationTalks.demoProject.TestClass1" name="Test1" time="13.780"/>
  <testcase classname="com.AutomationTalks.demoProject.TestClass1" name="Test2" time="11.724"/>
  <testcase classname="com.AutomationTalks.demoProject.TestClass1" name="Test3" time="12.217"/>
</testsuite> <!-- com.AutomationTalks.demoProject.TestClass1 -->
